<?xml version="1.0" encoding="UTF-8"?>
<!-- Generated by org.testng.reporters.JUnitXMLReporter -->
<testsuite ignored="4" hostname="Ramyas-MacBook-Air.local" failures="0" tests="1" name="TestsForUserMenuDropDown   loginSalesforce(false);    checkIfCorrectPageDisplayed(&quot;homePage&quot;);   checkUserMenuDropDownOptions(); " time="23.654" errors="0" timestamp="2022-05-16T18:45:13 CDT">
  <testcase classname="com.salesforce.testScripts.UserMenuDropDownAutomationScripts" name="TC07" time="12.117"/>
  <testcase classname="com.salesforce.testScripts.UserMenuDropDownAutomationScripts" name="TC09" time="0.0">
    <ignored/>
  </testcase> <!-- TC09 -->
  <testcase classname="com.salesforce.testScripts.UserMenuDropDownAutomationScripts" name="TC05" time="0.0">
    <ignored/>
  </testcase> <!-- TC05 -->
  <testcase classname="com.salesforce.testScripts.UserMenuDropDownAutomationScripts" name="TC06" time="0.0">
    <ignored/>
  </testcase> <!-- TC06 -->
  <testcase classname="com.salesforce.testScripts.UserMenuDropDownAutomationScripts" name="TC08" time="0.0">
    <ignored/>
  </testcase> <!-- TC08 -->
</testsuite> <!-- TestsForUserMenuDropDown   loginSalesforce(false);    checkIfCorrectPageDisplayed("homePage");   checkUserMenuDropDownOptions();  -->
