<?xml version="1.0" encoding="UTF-8"?>
<!-- Generated by org.testng.reporters.JUnitXMLReporter -->
<testsuite ignored="0" hostname="Ramyas-MacBook-Air.local" failures="0" tests="8" name="TestsForContactsPage_FireFoxBrowser" time="14.045" errors="0" timestamp="2022-05-17T22:59:17 CDT">
  <testcase classname="com.salesforce.testScripts.Contacts" name="@BeforeMethod setUpForContactsTests" time="11.033">
    <failure type="java.lang.NullPointerException" message="Cannot invoke &amp;quot;com.aventstack.extentreports.ExtentTest.log(com.aventstack.extentreports.Status, String)&amp;quot; because &amp;quot;com.salesforce.utilities.GenerateReports.extentTestObj&amp;quot; is null">
      <![CDATA[java.lang.NullPointerException: Cannot invoke "com.aventstack.extentreports.ExtentTest.log(com.aventstack.extentreports.Status, String)" because "com.salesforce.utilities.GenerateReports.extentTestObj" is null
at com.salesforce.utilities.GenerateReports.logTestInfo(GenerateReports.java:54)
at com.salesforce.base.BaseMethods.clickOnElement(BaseMethods.java:359)
at com.salesforce.base.BaseMethods.loginSalesforce(BaseMethods.java:146)
at com.salesforce.testScripts.Contacts.setUpForContactsTests(Contacts.java:21)
at java.base/java.util.ArrayList.forEach(ArrayList.java:1511)
at java.base/java.util.concurrent.FutureTask.run(FutureTask.java:264)
at java.base/java.util.concurrent.ThreadPoolExecutor.runWorker(ThreadPoolExecutor.java:1136)
at java.base/java.util.concurrent.ThreadPoolExecutor$Worker.run(ThreadPoolExecutor.java:635)
at java.base/java.lang.Thread.run(Thread.java:833)
... Removed 22 stack frames]]>
    </failure>
  </testcase> <!-- @BeforeMethod setUpForContactsTests -->
  <testcase classname="com.salesforce.base.BaseMethods" name="@AfterMethod actionAfterTest" time="-1.65284635793E9">
    <skipped/>
  </testcase> <!-- @AfterMethod actionAfterTest -->
  <testcase classname="com.salesforce.base.BaseMethods" name="@BeforeMethod setUpForAllMethods" time="-1.652846357933E9">
    <skipped/>
  </testcase> <!-- @BeforeMethod setUpForAllMethods -->
  <testcase classname="com.salesforce.testScripts.Contacts" name="@BeforeMethod setUpForContactsTests" time="-1.652846357934E9">
    <skipped/>
  </testcase> <!-- @BeforeMethod setUpForContactsTests -->
  <testcase classname="com.salesforce.base.BaseMethods" name="@AfterMethod actionAfterTest" time="-1.652846357935E9">
    <skipped/>
  </testcase> <!-- @AfterMethod actionAfterTest -->
  <testcase classname="com.salesforce.base.BaseMethods" name="@BeforeMethod setUpForAllMethods" time="-1.652846357936E9">
    <skipped/>
  </testcase> <!-- @BeforeMethod setUpForAllMethods -->
  <testcase classname="com.salesforce.testScripts.Contacts" name="@BeforeMethod setUpForContactsTests" time="-1.652846357937E9">
    <skipped/>
  </testcase> <!-- @BeforeMethod setUpForContactsTests -->
  <testcase classname="com.salesforce.base.BaseMethods" name="@AfterMethod actionAfterTest" time="-1.65284635794E9">
    <skipped/>
  </testcase> <!-- @AfterMethod actionAfterTest -->
  <testcase classname="com.salesforce.base.BaseMethods" name="@BeforeMethod setUpForAllMethods" time="-1.65284635794E9">
    <skipped/>
  </testcase> <!-- @BeforeMethod setUpForAllMethods -->
  <testcase classname="com.salesforce.testScripts.Contacts" name="@BeforeMethod setUpForContactsTests" time="-1.652846357941E9">
    <skipped/>
  </testcase> <!-- @BeforeMethod setUpForContactsTests -->
  <testcase classname="com.salesforce.base.BaseMethods" name="@AfterMethod actionAfterTest" time="-1.652846357943E9">
    <skipped/>
  </testcase> <!-- @AfterMethod actionAfterTest -->
  <testcase classname="com.salesforce.base.BaseMethods" name="@BeforeMethod setUpForAllMethods" time="-1.652846357944E9">
    <skipped/>
  </testcase> <!-- @BeforeMethod setUpForAllMethods -->
  <testcase classname="com.salesforce.testScripts.Contacts" name="@BeforeMethod setUpForContactsTests" time="-1.652846357944E9">
    <skipped/>
  </testcase> <!-- @BeforeMethod setUpForContactsTests -->
  <testcase classname="com.salesforce.base.BaseMethods" name="@AfterMethod actionAfterTest" time="-1.652846357945E9">
    <skipped/>
  </testcase> <!-- @AfterMethod actionAfterTest -->
  <testcase classname="com.salesforce.base.BaseMethods" name="@BeforeMethod setUpForAllMethods" time="-1.652846357946E9">
    <skipped/>
  </testcase> <!-- @BeforeMethod setUpForAllMethods -->
  <testcase classname="com.salesforce.testScripts.Contacts" name="@BeforeMethod setUpForContactsTests" time="-1.652846357946E9">
    <skipped/>
  </testcase> <!-- @BeforeMethod setUpForContactsTests -->
  <testcase classname="com.salesforce.base.BaseMethods" name="@AfterMethod actionAfterTest" time="-1.652846357948E9">
    <skipped/>
  </testcase> <!-- @AfterMethod actionAfterTest -->
  <testcase classname="com.salesforce.base.BaseMethods" name="@BeforeMethod setUpForAllMethods" time="-1.652846357949E9">
    <skipped/>
  </testcase> <!-- @BeforeMethod setUpForAllMethods -->
  <testcase classname="com.salesforce.testScripts.Contacts" name="@BeforeMethod setUpForContactsTests" time="-1.652846357949E9">
    <skipped/>
  </testcase> <!-- @BeforeMethod setUpForContactsTests -->
  <testcase classname="com.salesforce.base.BaseMethods" name="@AfterMethod actionAfterTest" time="-1.65284635795E9">
    <skipped/>
  </testcase> <!-- @AfterMethod actionAfterTest -->
  <testcase classname="com.salesforce.base.BaseMethods" name="@BeforeMethod setUpForAllMethods" time="-1.652846357952E9">
    <skipped/>
  </testcase> <!-- @BeforeMethod setUpForAllMethods -->
  <testcase classname="com.salesforce.testScripts.Contacts" name="@BeforeMethod setUpForContactsTests" time="-1.652846357953E9">
    <skipped/>
  </testcase> <!-- @BeforeMethod setUpForContactsTests -->
  <testcase classname="com.salesforce.base.BaseMethods" name="@AfterMethod actionAfterTest" time="-1.652846357956E9">
    <skipped/>
  </testcase> <!-- @AfterMethod actionAfterTest -->
  <testcase classname="com.salesforce.testScripts.Contacts" name="TC25" time="0.0">
    <skipped/>
  </testcase> <!-- TC25 -->
  <testcase classname="com.salesforce.testScripts.Contacts" name="TC26" time="0.0">
    <skipped/>
  </testcase> <!-- TC26 -->
  <testcase classname="com.salesforce.testScripts.Contacts" name="TC27" time="0.0">
    <skipped/>
  </testcase> <!-- TC27 -->
  <testcase classname="com.salesforce.testScripts.Contacts" name="TC28" time="0.0">
    <skipped/>
  </testcase> <!-- TC28 -->
  <testcase classname="com.salesforce.testScripts.Contacts" name="TC29" time="0.0">
    <skipped/>
  </testcase> <!-- TC29 -->
  <testcase classname="com.salesforce.testScripts.Contacts" name="TC30" time="0.0">
    <skipped/>
  </testcase> <!-- TC30 -->
  <testcase classname="com.salesforce.testScripts.Contacts" name="TC31" time="0.0">
    <skipped/>
  </testcase> <!-- TC31 -->
  <testcase classname="com.salesforce.testScripts.Contacts" name="TC32" time="0.0">
    <skipped/>
  </testcase> <!-- TC32 -->
</testsuite> <!-- TestsForContactsPage_FireFoxBrowser -->
