<?xml version="1.0" encoding="UTF-8"?>
<!-- Generated by org.testng.reporters.JUnitXMLReporter -->
<testsuite ignored="0" hostname="Ramyas-MacBook-Air.local" failures="0" tests="4" name="TestsForLeads" time="69.22" errors="0" timestamp="2022-05-19T01:21:12 CDT">
  <testcase classname="com.salesforce.testScripts.LeadsPage" name="TC20LeadsTab" time="0.096"/>
  <testcase classname="com.salesforce.testScripts.LeadsPage" name="TC21LeadsSelectView" time="0.069"/>
  <testcase classname="com.salesforce.testScripts.LeadsPage" name="TC22DefaultViewAndTC23" time="14.372"/>
  <testcase classname="com.salesforce.testScripts.LeadsPage" name="TC24" time="1.966"/>
</testsuite> <!-- TestsForLeads -->
