<?xml version="1.0" encoding="UTF-8"?>
<!-- Generated by org.testng.reporters.JUnitXMLReporter -->
<testsuite ignored="4" hostname="Ramyas-MacBook-Air.local" failures="0" tests="6" name="TestsForCreateOptyUsingChrome" time="183.786" errors="0" timestamp="2022-05-20T16:44:07 CDT">
  <testcase classname="com.salesforce.testScripts.CreateOpty" name="TC19" time="7.728"/>
  <testcase classname="com.salesforce.testScripts.CreateOpty" name="TC19" time="8.14"/>
  <testcase classname="com.salesforce.testScripts.CreateOpty" name="TC19" time="7.385"/>
  <testcase classname="com.salesforce.testScripts.CreateOpty" name="TC19" time="7.607"/>
  <testcase classname="com.salesforce.testScripts.CreateOpty" name="TC19" time="7.934"/>
  <testcase classname="com.salesforce.testScripts.CreateOpty" name="TC19" time="7.479"/>
  <testcase classname="com.salesforce.testScripts.CreateOpty" name="TC16" time="0.0">
    <ignored/>
  </testcase> <!-- TC16 -->
  <testcase classname="com.salesforce.testScripts.CreateOpty" name="TC17" time="0.0">
    <ignored/>
  </testcase> <!-- TC17 -->
  <testcase classname="com.salesforce.testScripts.CreateOpty" name="TC18" time="0.0">
    <ignored/>
  </testcase> <!-- TC18 -->
  <testcase classname="com.salesforce.testScripts.CreateOpty" name="TC15" time="0.0">
    <ignored/>
  </testcase> <!-- TC15 -->
</testsuite> <!-- TestsForCreateOptyUsingChrome -->
