<?xml version="1.0" encoding="UTF-8"?>
<!-- Generated by org.testng.reporters.JUnitXMLReporter -->
<testsuite ignored="0" hostname="Ramyas-MacBook-Air.local" failures="0" tests="8" name="TestsForContactsPage_ChromeBrowser" time="201.257" errors="0" timestamp="2022-05-19T00:13:20 CDT">
  <testcase classname="com.salesforce.testScripts.Contacts" name="TC25" time="3.627"/>
  <testcase classname="com.salesforce.testScripts.Contacts" name="TC26" time="13.586"/>
  <testcase classname="com.salesforce.testScripts.Contacts" name="TC27" time="0.188"/>
  <testcase classname="com.salesforce.testScripts.Contacts" name="TC28" time="1.397"/>
  <testcase classname="com.salesforce.testScripts.Contacts" name="TC29" time="1.622"/>
  <testcase classname="com.salesforce.testScripts.Contacts" name="TC30" time="7.34"/>
  <testcase classname="com.salesforce.testScripts.Contacts" name="TC31" time="13.354"/>
  <testcase classname="com.salesforce.testScripts.Contacts" name="TC32" time="8.12"/>
</testsuite> <!-- TestsForContactsPage_ChromeBrowser -->
