<?xml version="1.0" encoding="UTF-8"?>
<!-- Generated by org.testng.reporters.JUnitXMLReporter -->
<testsuite ignored="4" hostname="Ramyas-MacBook-Air.local" failures="0" tests="1" name="TestsForSFDCLogin" time="21.174" errors="0" timestamp="2022-05-31T16:31:58 CDT">
  <testcase classname="com.salesforce.testScripts.SFDCLoginAutomationScripts" name="LoginToSalesForce2" time="16.051"/>
  <testcase classname="com.salesforce.testScripts.SFDCLoginAutomationScripts" name="LoginErrorMessage1" time="0.0">
    <ignored/>
  </testcase> <!-- LoginErrorMessage1 -->
  <testcase classname="com.salesforce.testScripts.SFDCLoginAutomationScripts" name="ForgotPassword4A" time="0.0">
    <ignored/>
  </testcase> <!-- ForgotPassword4A -->
  <testcase classname="com.salesforce.testScripts.SFDCLoginAutomationScripts" name="forgotPassword4B" time="0.0">
    <ignored/>
  </testcase> <!-- forgotPassword4B -->
  <testcase classname="com.salesforce.testScripts.SFDCLoginAutomationScripts" name="CheckRemeberMe3" time="0.0">
    <ignored/>
  </testcase> <!-- CheckRemeberMe3 -->
</testsuite> <!-- TestsForSFDCLogin -->
