<?xml version="1.0" encoding="UTF-8"?>
<!-- Generated by org.testng.reporters.JUnitXMLReporter -->
<testsuite ignored="0" hostname="Ramyas-MacBook-Air.local" failures="0" tests="5" name="TestsForRandomScenarios_UsingFireFox" time="8.879" errors="0" timestamp="2022-05-18T21:10:55 CDT">
  <testcase classname="com.salesforce.testScripts.RandomScenarios" name="@BeforeMethod setUpForRandomScenarios" time="4.971">
    <failure type="org.openqa.selenium.StaleElementReferenceException" message="The element reference of &amp;lt;input id=&amp;quot;Login&amp;quot; class=&amp;quot;button r4 wide primary&amp;quot; name=&amp;quot;Login&amp;quot; type=&amp;quot;submit&amp;quot;&amp;gt; is stale; either the element is no longer attached to the DOM, it is not in the current frame context, or the document has been refreshed
For documentation on this error, please visit: https://www.seleniumhq.org/exceptions/stale_element_reference.html
Build info: version: &amp;apos;3.141.59&amp;apos;, revision: &amp;apos;e82be7d358&amp;apos;, time: &amp;apos;2018-11-14T08:17:03&amp;apos;
System info: host: &amp;apos;Ramyas-MacBook-Air.local&amp;apos;, ip: &amp;apos;fe80:0:0:0:188e:9761:3dd4:1bd8%en0&amp;apos;, os.name: &amp;apos;Mac OS X&amp;apos;, os.arch: &amp;apos;aarch64&amp;apos;, os.version: &amp;apos;12.0.1&amp;apos;, java.version: &amp;apos;17.0.1&amp;apos;
Driver info: org.openqa.selenium.firefox.FirefoxDriver
Capabilities {acceptInsecureCerts: true, browserName: firefox, browserVersion: 100.0, javascriptEnabled: true, moz:accessibilityChecks: false, moz:buildID: 20220428192727, moz:geckodriverVersion: 0.31.0, moz:headless: false, moz:processID: 8595, moz:profile: /var/folders/nc/rksk1wv5117..., moz:shutdownTimeout: 60000, moz:useNonSpecCompliantPointerOrigin: false, moz:webdriverClick: true, pageLoadStrategy: normal, platform: MAC, platformName: MAC, platformVersion: 21.1.0, proxy: Proxy(), setWindowRect: true, strictFileInteractability: false, timeouts: {implicit: 0, pageLoad: 300000, script: 30000}, unhandledPromptBehavior: dismiss and notify}
Session ID: e99e86d6-d7f0-4c38-9539-cb3eea03d986">
      <![CDATA[org.openqa.selenium.StaleElementReferenceException: The element reference of <input id="Login" class="button r4 wide primary" name="Login" type="submit"> is stale; either the element is no longer attached to the DOM, it is not in the current frame context, or the document has been refreshed
For documentation on this error, please visit: https://www.seleniumhq.org/exceptions/stale_element_reference.html
Build info: version: '3.141.59', revision: 'e82be7d358', time: '2018-11-14T08:17:03'
System info: host: 'Ramyas-MacBook-Air.local', ip: 'fe80:0:0:0:188e:9761:3dd4:1bd8%en0', os.name: 'Mac OS X', os.arch: 'aarch64', os.version: '12.0.1', java.version: '17.0.1'
Driver info: org.openqa.selenium.firefox.FirefoxDriver
Capabilities {acceptInsecureCerts: true, browserName: firefox, browserVersion: 100.0, javascriptEnabled: true, moz:accessibilityChecks: false, moz:buildID: 20220428192727, moz:geckodriverVersion: 0.31.0, moz:headless: false, moz:processID: 8595, moz:profile: /var/folders/nc/rksk1wv5117..., moz:shutdownTimeout: 60000, moz:useNonSpecCompliantPointerOrigin: false, moz:webdriverClick: true, pageLoadStrategy: normal, platform: MAC, platformName: MAC, platformVersion: 21.1.0, proxy: Proxy(), setWindowRect: true, strictFileInteractability: false, timeouts: {implicit: 0, pageLoad: 300000, script: 30000}, unhandledPromptBehavior: dismiss and notify}
Session ID: e99e86d6-d7f0-4c38-9539-cb3eea03d986
at org.openqa.selenium.remote.http.W3CHttpResponseCodec.createException(W3CHttpResponseCodec.java:187)
at org.openqa.selenium.remote.http.W3CHttpResponseCodec.decode(W3CHttpResponseCodec.java:122)
at org.openqa.selenium.remote.http.W3CHttpResponseCodec.decode(W3CHttpResponseCodec.java:49)
at org.openqa.selenium.remote.HttpCommandExecutor.execute(HttpCommandExecutor.java:158)
at org.openqa.selenium.remote.service.DriverCommandExecutor.execute(DriverCommandExecutor.java:83)
at org.openqa.selenium.remote.RemoteWebDriver.execute(RemoteWebDriver.java:552)
at org.openqa.selenium.remote.RemoteWebElement.execute(RemoteWebElement.java:285)
at org.openqa.selenium.remote.RemoteWebElement.click(RemoteWebElement.java:84)
at com.salesforce.base.BaseMethods.clickOnElement(BaseMethods.java:381)
at com.salesforce.base.BaseMethods.loginSalesforce(BaseMethods.java:156)
at com.salesforce.testScripts.RandomScenarios.setUpForRandomScenarios(RandomScenarios.java:27)
at java.base/java.util.ArrayList.forEach(ArrayList.java:1511)
at java.base/java.util.concurrent.FutureTask.run(FutureTask.java:264)
at java.base/java.util.concurrent.ThreadPoolExecutor.runWorker(ThreadPoolExecutor.java:1136)
at java.base/java.util.concurrent.ThreadPoolExecutor$Worker.run(ThreadPoolExecutor.java:635)
at java.base/java.lang.Thread.run(Thread.java:833)
... Removed 27 stack frames]]>
    </failure>
  </testcase> <!-- @BeforeMethod setUpForRandomScenarios -->
  <testcase classname="com.salesforce.testScripts.RandomScenarios" name="@AfterMethod afterMethodActions" time="-1.652926255116E9">
    <skipped/>
  </testcase> <!-- @AfterMethod afterMethodActions -->
  <testcase classname="com.salesforce.base.BaseMethods" name="@BeforeMethod setUpForAllMethods" time="-1.652926255117E9">
    <skipped/>
  </testcase> <!-- @BeforeMethod setUpForAllMethods -->
  <testcase classname="com.salesforce.testScripts.RandomScenarios" name="@BeforeMethod setUpForRandomScenarios" time="-1.652926255118E9">
    <skipped/>
  </testcase> <!-- @BeforeMethod setUpForRandomScenarios -->
  <testcase classname="com.salesforce.testScripts.RandomScenarios" name="@AfterMethod afterMethodActions" time="-1.65292625512E9">
    <skipped/>
  </testcase> <!-- @AfterMethod afterMethodActions -->
  <testcase classname="com.salesforce.base.BaseMethods" name="@BeforeMethod setUpForAllMethods" time="-1.652926255121E9">
    <skipped/>
  </testcase> <!-- @BeforeMethod setUpForAllMethods -->
  <testcase classname="com.salesforce.testScripts.RandomScenarios" name="@BeforeMethod setUpForRandomScenarios" time="-1.652926255122E9">
    <skipped/>
  </testcase> <!-- @BeforeMethod setUpForRandomScenarios -->
  <testcase classname="com.salesforce.testScripts.RandomScenarios" name="@AfterMethod afterMethodActions" time="-1.652926255124E9">
    <skipped/>
  </testcase> <!-- @AfterMethod afterMethodActions -->
  <testcase classname="com.salesforce.base.BaseMethods" name="@BeforeMethod setUpForAllMethods" time="-1.652926255124E9">
    <skipped/>
  </testcase> <!-- @BeforeMethod setUpForAllMethods -->
  <testcase classname="com.salesforce.testScripts.RandomScenarios" name="@BeforeMethod setUpForRandomScenarios" time="-1.652926255125E9">
    <skipped/>
  </testcase> <!-- @BeforeMethod setUpForRandomScenarios -->
  <testcase classname="com.salesforce.testScripts.RandomScenarios" name="@AfterMethod afterMethodActions" time="-1.652926255127E9">
    <skipped/>
  </testcase> <!-- @AfterMethod afterMethodActions -->
  <testcase classname="com.salesforce.base.BaseMethods" name="@BeforeMethod setUpForAllMethods" time="-1.652926255128E9">
    <skipped/>
  </testcase> <!-- @BeforeMethod setUpForAllMethods -->
  <testcase classname="com.salesforce.testScripts.RandomScenarios" name="@BeforeMethod setUpForRandomScenarios" time="-1.652926255128E9">
    <skipped/>
  </testcase> <!-- @BeforeMethod setUpForRandomScenarios -->
  <testcase classname="com.salesforce.testScripts.RandomScenarios" name="@AfterMethod afterMethodActions" time="-1.65292625513E9">
    <skipped/>
  </testcase> <!-- @AfterMethod afterMethodActions -->
  <testcase classname="com.salesforce.testScripts.RandomScenarios" name="TC33" time="0.0">
    <skipped/>
  </testcase> <!-- TC33 -->
  <testcase classname="com.salesforce.testScripts.RandomScenarios" name="TC34" time="0.0">
    <skipped/>
  </testcase> <!-- TC34 -->
  <testcase classname="com.salesforce.testScripts.RandomScenarios" name="TC35" time="0.0">
    <skipped/>
  </testcase> <!-- TC35 -->
  <testcase classname="com.salesforce.testScripts.RandomScenarios" name="TC36" time="0.0">
    <skipped/>
  </testcase> <!-- TC36 -->
  <testcase classname="com.salesforce.testScripts.RandomScenarios" name="TC37" time="0.0">
    <skipped/>
  </testcase> <!-- TC37 -->
</testsuite> <!-- TestsForRandomScenarios_UsingFireFox -->
