<?xml version="1.0" encoding="UTF-8"?>
<!-- Generated by org.testng.reporters.JUnitXMLReporter -->
<testsuite ignored="0" hostname="Ramyas-MacBook-Air.local" failures="0" tests="5" name="TestsForUserMenuDropDown" time="151.514" errors="0" timestamp="2022-05-19T00:50:50 CDT">
  <testcase classname="com.salesforce.testScripts.UserMenuDropDownAutomationScripts" name="TC05" time="0.002"/>
  <testcase classname="com.salesforce.testScripts.UserMenuDropDownAutomationScripts" name="TC06" time="16.31"/>
  <testcase classname="com.salesforce.testScripts.UserMenuDropDownAutomationScripts" name="TC07" time="22.838"/>
  <testcase classname="com.salesforce.testScripts.UserMenuDropDownAutomationScripts" name="TC08" time="9.125"/>
  <testcase classname="com.salesforce.testScripts.UserMenuDropDownAutomationScripts" name="TC09" time="5.13"/>
</testsuite> <!-- TestsForUserMenuDropDown -->
