<?xml version="1.0" encoding="UTF-8"?>
<!-- Generated by org.testng.reporters.JUnitXMLReporter -->
<testsuite ignored="0" hostname="Ramyas-MacBook-Air.local" failures="0" tests="5" name="TestsForCreateAccounts" time="144.505" errors="0" timestamp="2022-05-18T19:45:04 CDT">
  <testcase classname="com.salesforce.testScripts.CreateAccount" name="TC14" time="15.557"/>
  <testcase classname="com.salesforce.testScripts.CreateAccount" name="tC10CreateAccount" time="7.332"/>
  <testcase classname="com.salesforce.testScripts.CreateAccount" name="tC11CreateNewView" time="2.008"/>
  <testcase classname="com.salesforce.testScripts.CreateAccount" name="TC13MergeAccounts" time="23.19"/>
  <testcase classname="com.salesforce.testScripts.CreateAccount" name="tC12CreateNewView" time="15.105"/>
</testsuite> <!-- TestsForCreateAccounts -->
