<?xml version="1.0" encoding="UTF-8"?>
<!-- Generated by org.testng.reporters.JUnitXMLReporter -->
<testsuite ignored="0" hostname="Ramyas-MacBook-Air.local" failures="0" tests="5" name="TestsForRandomScenarios_UsingChrome" time="150.892" errors="0" timestamp="2022-05-18T23:24:22 CDT">
  <testcase classname="com.salesforce.testScripts.RandomScenarios" name="TC33" time="11.7"/>
  <testcase classname="com.salesforce.testScripts.RandomScenarios" name="TC34" time="15.751"/>
  <testcase classname="com.salesforce.testScripts.RandomScenarios" name="TC35" time="32.692"/>
  <testcase classname="com.salesforce.testScripts.RandomScenarios" name="TC36" time="23.367"/>
  <testcase classname="com.salesforce.testScripts.RandomScenarios" name="TC37" time="25.467"/>
</testsuite> <!-- TestsForRandomScenarios_UsingChrome -->
