<?xml version="1.0" encoding="UTF-8"?>
<!-- Generated by org.testng.reporters.JUnitXMLReporter -->
<testsuite ignored="7" hostname="Ramyas-MacBook-Air.local" failures="0" tests="1" name="TestForContacts" time="16.96" errors="0" timestamp="2022-05-13T22:37:15 CDT">
  <testcase classname="com.salesforce.testScripts.Contacts" name="TC32" time="2.983"/>
  <testcase classname="com.salesforce.testScripts.Contacts" name="TC29" time="0.0">
    <ignored/>
  </testcase> <!-- TC29 -->
  <testcase classname="com.salesforce.testScripts.Contacts" name="TC28" time="0.0">
    <ignored/>
  </testcase> <!-- TC28 -->
  <testcase classname="com.salesforce.testScripts.Contacts" name="TC27" time="0.0">
    <ignored/>
  </testcase> <!-- TC27 -->
  <testcase classname="com.salesforce.testScripts.Contacts" name="TC26" time="0.0">
    <ignored/>
  </testcase> <!-- TC26 -->
  <testcase classname="com.salesforce.testScripts.Contacts" name="TC25" time="0.0">
    <ignored/>
  </testcase> <!-- TC25 -->
  <testcase classname="com.salesforce.testScripts.Contacts" name="TC31" time="0.0">
    <ignored/>
  </testcase> <!-- TC31 -->
  <testcase classname="com.salesforce.testScripts.Contacts" name="TC30" time="0.0">
    <ignored/>
  </testcase> <!-- TC30 -->
</testsuite> <!-- TestForContacts -->
