<?xml version="1.0" encoding="UTF-8"?>
<testng-results ignored="4" total="10" passed="6" failed="0" skipped="0">
  <reporter-output>
  </reporter-output>
  <suite started-at="2022-05-20T16:41:03 CDT" name="Suite" finished-at="2022-05-20T16:44:07 CDT" duration-ms="183786">
    <groups>
    </groups>
    <test started-at="2022-05-20T16:41:03 CDT" name="TestsForCreateOptyUsingChrome" finished-at="2022-05-20T16:44:07 CDT" duration-ms="183786">
      <class name="com.salesforce.testScripts.CreateOpty">
        <test-method is-config="true" signature="setUpTestAllTest()[pri:0, instance:com.salesforce.testScripts.CreateOpty@3c130745]" started-at="2022-05-20T16:41:03 CDT" name="setUpTestAllTest" finished-at="2022-05-20T16:41:03 CDT" duration-ms="3" status="PASS">
          <reporter-output>
          </reporter-output>
        </test-method> <!-- setUpTestAllTest -->
        <test-method is-config="true" signature="setUpForAllMethods(java.lang.String,java.lang.reflect.Method)[pri:0, instance:com.salesforce.testScripts.CreateOpty@3c130745]" started-at="2022-05-20T16:41:03 CDT" name="setUpForAllMethods" finished-at="2022-05-20T16:41:07 CDT" duration-ms="3390" status="PASS">
          <params>
            <param index="0">
              <value>
                <![CDATA[chrome]]>
              </value>
            </param>
            <param index="1">
              <value>
                <![CDATA[public void com.salesforce.testScripts.CreateOpty.TC19(java.lang.String,java.lang.String) throws java.io.IOException]]>
              </value>
            </param>
          </params>
          <reporter-output>
          </reporter-output>
        </test-method> <!-- setUpForAllMethods -->
        <test-method is-config="true" signature="setupForCreateOptyTests()[pri:0, instance:com.salesforce.testScripts.CreateOpty@3c130745]" started-at="2022-05-20T16:41:07 CDT" name="setupForCreateOptyTests" finished-at="2022-05-20T16:41:25 CDT" duration-ms="17945" status="PASS">
          <reporter-output>
          </reporter-output>
        </test-method> <!-- setupForCreateOptyTests -->
        <test-method signature="TC19(java.lang.String,java.lang.String)[pri:0, instance:com.salesforce.testScripts.CreateOpty@3c130745]" started-at="2022-05-20T16:41:25 CDT" name="TC19" data-provider="TC19data" finished-at="2022-05-20T16:41:32 CDT" duration-ms="7728" status="PASS">
          <params>
            <param index="0">
              <value>
                <![CDATA[Current FQ]]>
              </value>
            </param>
            <param index="1">
              <value>
                <![CDATA[all]]>
              </value>
            </param>
          </params>
          <reporter-output>
          </reporter-output>
        </test-method> <!-- TC19 -->
        <test-method is-config="true" signature="setUpForAllMethods(java.lang.String,java.lang.reflect.Method)[pri:0, instance:com.salesforce.testScripts.CreateOpty@3c130745]" started-at="2022-05-20T16:41:34 CDT" name="setUpForAllMethods" finished-at="2022-05-20T16:41:37 CDT" duration-ms="2317" status="PASS">
          <params>
            <param index="0">
              <value>
                <![CDATA[chrome]]>
              </value>
            </param>
            <param index="1">
              <value>
                <![CDATA[public void com.salesforce.testScripts.CreateOpty.TC19(java.lang.String,java.lang.String) throws java.io.IOException]]>
              </value>
            </param>
          </params>
          <reporter-output>
          </reporter-output>
        </test-method> <!-- setUpForAllMethods -->
        <test-method is-config="true" signature="setupForCreateOptyTests()[pri:0, instance:com.salesforce.testScripts.CreateOpty@3c130745]" started-at="2022-05-20T16:41:37 CDT" name="setupForCreateOptyTests" finished-at="2022-05-20T16:41:55 CDT" duration-ms="18626" status="PASS">
          <reporter-output>
          </reporter-output>
        </test-method> <!-- setupForCreateOptyTests -->
        <test-method signature="TC19(java.lang.String,java.lang.String)[pri:0, instance:com.salesforce.testScripts.CreateOpty@3c130745]" started-at="2022-05-20T16:41:55 CDT" name="TC19" data-provider="TC19data" finished-at="2022-05-20T16:42:03 CDT" duration-ms="8140" status="PASS">
          <params>
            <param index="0">
              <value>
                <![CDATA[Current FQ]]>
              </value>
            </param>
            <param index="1">
              <value>
                <![CDATA[open]]>
              </value>
            </param>
          </params>
          <reporter-output>
          </reporter-output>
        </test-method> <!-- TC19 -->
        <test-method is-config="true" signature="setUpForAllMethods(java.lang.String,java.lang.reflect.Method)[pri:0, instance:com.salesforce.testScripts.CreateOpty@3c130745]" started-at="2022-05-20T16:42:06 CDT" name="setUpForAllMethods" finished-at="2022-05-20T16:42:08 CDT" duration-ms="2293" status="PASS">
          <params>
            <param index="0">
              <value>
                <![CDATA[chrome]]>
              </value>
            </param>
            <param index="1">
              <value>
                <![CDATA[public void com.salesforce.testScripts.CreateOpty.TC19(java.lang.String,java.lang.String) throws java.io.IOException]]>
              </value>
            </param>
          </params>
          <reporter-output>
          </reporter-output>
        </test-method> <!-- setUpForAllMethods -->
        <test-method is-config="true" signature="setupForCreateOptyTests()[pri:0, instance:com.salesforce.testScripts.CreateOpty@3c130745]" started-at="2022-05-20T16:42:08 CDT" name="setupForCreateOptyTests" finished-at="2022-05-20T16:42:26 CDT" duration-ms="18308" status="PASS">
          <reporter-output>
          </reporter-output>
        </test-method> <!-- setupForCreateOptyTests -->
        <test-method signature="TC19(java.lang.String,java.lang.String)[pri:0, instance:com.salesforce.testScripts.CreateOpty@3c130745]" started-at="2022-05-20T16:42:26 CDT" name="TC19" data-provider="TC19data" finished-at="2022-05-20T16:42:33 CDT" duration-ms="7385" status="PASS">
          <params>
            <param index="0">
              <value>
                <![CDATA[Current FQ]]>
              </value>
            </param>
            <param index="1">
              <value>
                <![CDATA[closed]]>
              </value>
            </param>
          </params>
          <reporter-output>
          </reporter-output>
        </test-method> <!-- TC19 -->
        <test-method is-config="true" signature="setUpForAllMethods(java.lang.String,java.lang.reflect.Method)[pri:0, instance:com.salesforce.testScripts.CreateOpty@3c130745]" started-at="2022-05-20T16:42:36 CDT" name="setUpForAllMethods" finished-at="2022-05-20T16:42:38 CDT" duration-ms="2339" status="PASS">
          <params>
            <param index="0">
              <value>
                <![CDATA[chrome]]>
              </value>
            </param>
            <param index="1">
              <value>
                <![CDATA[public void com.salesforce.testScripts.CreateOpty.TC19(java.lang.String,java.lang.String) throws java.io.IOException]]>
              </value>
            </param>
          </params>
          <reporter-output>
          </reporter-output>
        </test-method> <!-- setUpForAllMethods -->
        <test-method is-config="true" signature="setupForCreateOptyTests()[pri:0, instance:com.salesforce.testScripts.CreateOpty@3c130745]" started-at="2022-05-20T16:42:38 CDT" name="setupForCreateOptyTests" finished-at="2022-05-20T16:42:55 CDT" duration-ms="17392" status="PASS">
          <reporter-output>
          </reporter-output>
        </test-method> <!-- setupForCreateOptyTests -->
        <test-method signature="TC19(java.lang.String,java.lang.String)[pri:0, instance:com.salesforce.testScripts.CreateOpty@3c130745]" started-at="2022-05-20T16:42:55 CDT" name="TC19" data-provider="TC19data" finished-at="2022-05-20T16:43:03 CDT" duration-ms="7607" status="PASS">
          <params>
            <param index="0">
              <value>
                <![CDATA[Next FQ]]>
              </value>
            </param>
            <param index="1">
              <value>
                <![CDATA[all]]>
              </value>
            </param>
          </params>
          <reporter-output>
          </reporter-output>
        </test-method> <!-- TC19 -->
        <test-method is-config="true" signature="setUpForAllMethods(java.lang.String,java.lang.reflect.Method)[pri:0, instance:com.salesforce.testScripts.CreateOpty@3c130745]" started-at="2022-05-20T16:43:05 CDT" name="setUpForAllMethods" finished-at="2022-05-20T16:43:07 CDT" duration-ms="2278" status="PASS">
          <params>
            <param index="0">
              <value>
                <![CDATA[chrome]]>
              </value>
            </param>
            <param index="1">
              <value>
                <![CDATA[public void com.salesforce.testScripts.CreateOpty.TC19(java.lang.String,java.lang.String) throws java.io.IOException]]>
              </value>
            </param>
          </params>
          <reporter-output>
          </reporter-output>
        </test-method> <!-- setUpForAllMethods -->
        <test-method is-config="true" signature="setupForCreateOptyTests()[pri:0, instance:com.salesforce.testScripts.CreateOpty@3c130745]" started-at="2022-05-20T16:43:07 CDT" name="setupForCreateOptyTests" finished-at="2022-05-20T16:43:25 CDT" duration-ms="17922" status="PASS">
          <reporter-output>
          </reporter-output>
        </test-method> <!-- setupForCreateOptyTests -->
        <test-method signature="TC19(java.lang.String,java.lang.String)[pri:0, instance:com.salesforce.testScripts.CreateOpty@3c130745]" started-at="2022-05-20T16:43:25 CDT" name="TC19" data-provider="TC19data" finished-at="2022-05-20T16:43:33 CDT" duration-ms="7934" status="PASS">
          <params>
            <param index="0">
              <value>
                <![CDATA[Next FQ]]>
              </value>
            </param>
            <param index="1">
              <value>
                <![CDATA[open]]>
              </value>
            </param>
          </params>
          <reporter-output>
          </reporter-output>
        </test-method> <!-- TC19 -->
        <test-method is-config="true" signature="setUpForAllMethods(java.lang.String,java.lang.reflect.Method)[pri:0, instance:com.salesforce.testScripts.CreateOpty@3c130745]" started-at="2022-05-20T16:43:35 CDT" name="setUpForAllMethods" finished-at="2022-05-20T16:43:38 CDT" duration-ms="2499" status="PASS">
          <params>
            <param index="0">
              <value>
                <![CDATA[chrome]]>
              </value>
            </param>
            <param index="1">
              <value>
                <![CDATA[public void com.salesforce.testScripts.CreateOpty.TC19(java.lang.String,java.lang.String) throws java.io.IOException]]>
              </value>
            </param>
          </params>
          <reporter-output>
          </reporter-output>
        </test-method> <!-- setUpForAllMethods -->
        <test-method is-config="true" signature="setupForCreateOptyTests()[pri:0, instance:com.salesforce.testScripts.CreateOpty@3c130745]" started-at="2022-05-20T16:43:38 CDT" name="setupForCreateOptyTests" finished-at="2022-05-20T16:43:57 CDT" duration-ms="19539" status="PASS">
          <reporter-output>
          </reporter-output>
        </test-method> <!-- setupForCreateOptyTests -->
        <test-method signature="TC19(java.lang.String,java.lang.String)[pri:0, instance:com.salesforce.testScripts.CreateOpty@3c130745]" started-at="2022-05-20T16:43:57 CDT" name="TC19" data-provider="TC19data" finished-at="2022-05-20T16:44:05 CDT" duration-ms="7479" status="PASS">
          <params>
            <param index="0">
              <value>
                <![CDATA[Next FQ]]>
              </value>
            </param>
            <param index="1">
              <value>
                <![CDATA[closed]]>
              </value>
            </param>
          </params>
          <reporter-output>
          </reporter-output>
        </test-method> <!-- TC19 -->
      </class> <!-- com.salesforce.testScripts.CreateOpty -->
    </test> <!-- TestsForCreateOptyUsingChrome -->
  </suite> <!-- Suite -->
</testng-results>
