<?xml version="1.0" encoding="UTF-8"?>
<testng-results ignored="4" total="5" passed="1" failed="0" skipped="0">
  <reporter-output>
  </reporter-output>
  <suite started-at="2022-05-31T16:31:36 CDT" name="Suite" finished-at="2022-05-31T16:31:57 CDT" duration-ms="21174">
    <groups>
    </groups>
    <test started-at="2022-05-31T16:31:36 CDT" name="TestsForSFDCLogin" finished-at="2022-05-31T16:31:57 CDT" duration-ms="21174">
      <class name="com.salesforce.testScripts.SFDCLoginAutomationScripts">
        <test-method is-config="true" signature="setUpTestAllTest()[pri:0, instance:com.salesforce.testScripts.SFDCLoginAutomationScripts@3c130745]" started-at="2022-05-31T16:31:36 CDT" name="setUpTestAllTest" finished-at="2022-05-31T16:31:36 CDT" duration-ms="3" status="PASS">
          <reporter-output>
          </reporter-output>
        </test-method> <!-- setUpTestAllTest -->
        <test-method is-config="true" signature="setUpForAllMethods(java.lang.String,java.lang.reflect.Method)[pri:0, instance:com.salesforce.testScripts.SFDCLoginAutomationScripts@3c130745]" started-at="2022-05-31T16:31:36 CDT" name="setUpForAllMethods" finished-at="2022-05-31T16:31:39 CDT" duration-ms="2955" status="PASS">
          <params>
            <param index="0">
              <value>
                <![CDATA[chrome]]>
              </value>
            </param>
            <param index="1">
              <value>
                <![CDATA[public static void com.salesforce.testScripts.SFDCLoginAutomationScripts.LoginToSalesForce2() throws com.salesforce.base.TestFailUserException,java.io.IOException]]>
              </value>
            </param>
          </params>
          <reporter-output>
          </reporter-output>
        </test-method> <!-- setUpForAllMethods -->
        <test-method signature="LoginToSalesForce2()[pri:3, instance:com.salesforce.testScripts.SFDCLoginAutomationScripts@3c130745]" started-at="2022-05-31T16:31:39 CDT" name="LoginToSalesForce2" finished-at="2022-05-31T16:31:55 CDT" duration-ms="16051" status="PASS">
          <reporter-output>
          </reporter-output>
        </test-method> <!-- LoginToSalesForce2 -->
      </class> <!-- com.salesforce.testScripts.SFDCLoginAutomationScripts -->
    </test> <!-- TestsForSFDCLogin -->
  </suite> <!-- Suite -->
</testng-results>
